Start testing: Dec 03 10:46 CET
----------------------------------------------------------
1/1 Testing: suite_1_test
1/1 Test: suite_1_test
Command: "/home/bagieta/Desktop/U001/build_test/suite_1/suite_1_app"
Directory: /home/bagieta/Desktop/U001/build_test/suite_1
"suite_1_test" start time: Dec 03 10:46 CET
Output:
----------------------------------------------------------
<end of output>
Test time =   0.00 sec
----------------------------------------------------------
Test Passed.
"suite_1_test" end time: Dec 03 10:46 CET
"suite_1_test" time elapsed: 00:00:00
----------------------------------------------------------

End testing: Dec 03 10:46 CET
